<?xml version="1.0" encoding="UTF-8"?>
<testng-results ignored="0" total="1" passed="1" failed="0" skipped="0">
  <reporter-output>
  </reporter-output>
  <suite started-at="2023-10-16T19:44:28 IST" name="Default suite" finished-at="2023-10-16T19:44:39 IST" duration-ms="11267">
    <groups>
    </groups>
    <test started-at="2023-10-16T19:44:28 IST" name="Default test" finished-at="2023-10-16T19:44:39 IST" duration-ms="11267">
      <class name="testNg2.testSuite5">
        <test-method signature="datePiker()[pri:0, instance:testNg2.testSuite5@1ed6388a]" started-at="2023-10-16T19:44:28 IST" name="datePiker" finished-at="2023-10-16T19:44:39 IST" duration-ms="11194" status="PASS">
          <reporter-output>
          </reporter-output>
        </test-method> <!-- datePiker -->
      </class> <!-- testNg2.testSuite5 -->
    </test> <!-- Default test -->
  </suite> <!-- Default suite -->
</testng-results>
